INFO: [VRFC 10-2263] Analyzing Verilog file "P:/Courses/CMPEN331/Lab4/Lab4/Lab4.srcs/sources_1/new/ALU.v" into library xil_defaultlib
INFO: [VRFC 10-311] analyzing module ALU
INFO: [VRFC 10-2263] Analyzing Verilog file "P:/Courses/CMPEN331/Lab4/Lab4/Lab4.srcs/sources_1/new/Memory.v" into library xil_defaultlib
INFO: [VRFC 10-311] analyzing module Memory
INFO: [VRFC 10-2263] Analyzing Verilog file "P:/Courses/CMPEN331/Lab4/Lab4/Lab4.srcs/sources_1/new/controlUnit.v" into library xil_defaultlib
INFO: [VRFC 10-311] analyzing module controlUnit
INFO: [VRFC 10-2263] Analyzing Verilog file "P:/Courses/CMPEN331/Lab4/Lab4/Lab4.srcs/sources_1/new/dataMemory.v" into library xil_defaultlib
INFO: [VRFC 10-311] analyzing module dataMemory
INFO: [VRFC 10-2263] Analyzing Verilog file "P:/Courses/CMPEN331/Lab4/Lab4/Lab4.srcs/sources_1/new/instructionDecode.v" into library xil_defaultlib
INFO: [VRFC 10-311] analyzing module instructionDecode
INFO: [VRFC 10-2263] Analyzing Verilog file "P:/Courses/CMPEN331/Lab4/Lab4/Lab4.srcs/sources_1/new/instructionExecute.v" into library xil_defaultlib
INFO: [VRFC 10-311] analyzing module instructionExecute
INFO: [VRFC 10-2263] Analyzing Verilog file "P:/Courses/CMPEN331/Lab4/Lab4/Lab4.srcs/sources_1/new/instructionFetch.v" into library xil_defaultlib
INFO: [VRFC 10-311] analyzing module instructionFetch
INFO: [VRFC 10-2263] Analyzing Verilog file "P:/Courses/CMPEN331/Lab4/Lab4/Lab4.srcs/sources_1/new/instructionMemory.v" into library xil_defaultlib
INFO: [VRFC 10-311] analyzing module instructionMemory
INFO: [VRFC 10-2263] Analyzing Verilog file "P:/Courses/CMPEN331/Lab4/Lab4/Lab4.srcs/sources_1/new/mux1.v" into library xil_defaultlib
INFO: [VRFC 10-311] analyzing module mux1
INFO: [VRFC 10-2263] Analyzing Verilog file "P:/Courses/CMPEN331/Lab4/Lab4/Lab4.srcs/sources_1/new/mux2.v" into library xil_defaultlib
INFO: [VRFC 10-311] analyzing module mux2
INFO: [VRFC 10-2263] Analyzing Verilog file "P:/Courses/CMPEN331/Lab5/Lab5/Lab5.srcs/sources_1/new/mux3.v" into library xil_defaultlib
INFO: [VRFC 10-311] analyzing module mux3
INFO: [VRFC 10-2263] Analyzing Verilog file "P:/Courses/CMPEN331/Lab4/Lab4/Lab4.srcs/sources_1/new/programCounter.v" into library xil_defaultlib
INFO: [VRFC 10-311] analyzing module programCounter
INFO: [VRFC 10-2263] Analyzing Verilog file "P:/Courses/CMPEN331/Lab4/Lab4/Lab4.srcs/sources_1/new/programCounterAdder.v" into library xil_defaultlib
INFO: [VRFC 10-311] analyzing module programCounterAdder
INFO: [VRFC 10-2263] Analyzing Verilog file "P:/Courses/CMPEN331/Lab4/Lab4/Lab4.srcs/sources_1/new/registerFile.v" into library xil_defaultlib
INFO: [VRFC 10-311] analyzing module registerFile
INFO: [VRFC 10-2263] Analyzing Verilog file "P:/Courses/CMPEN331/Lab4/Lab4/Lab4.srcs/sources_1/new/signExtension.v" into library xil_defaultlib
INFO: [VRFC 10-311] analyzing module signExtension
INFO: [VRFC 10-2263] Analyzing Verilog file "P:/Courses/CMPEN331/Lab4/Lab4/Lab4.srcs/sim_1/new/testbench.v" into library xil_defaultlib
INFO: [VRFC 10-311] analyzing module testbench
